Cache sync 1 at Sat Mar  7 17:29:30 UTC 2026
Cache sync 2 at Sat Mar  7 17:29:30 UTC 2026
Cache sync 3 at Sat Mar  7 17:29:30 UTC 2026
Cache sync 4 at Sat Mar  7 17:29:30 UTC 2026
Cache sync 5 at Sat Mar  7 17:29:30 UTC 2026
Cache sync 6 at Sat Mar  7 17:29:30 UTC 2026
Cache sync 7 at Sat Mar  7 17:29:30 UTC 2026
Cache sync 8 at Sat Mar  7 17:29:30 UTC 2026
Cache sync 9 at Sat Mar  7 17:29:30 UTC 2026
Cache sync 10 at Sat Mar  7 17:29:30 UTC 2026
Cache sync 11 at Sat Mar  7 17:29:30 UTC 2026
Cache sync 12 at Sat Mar  7 17:29:30 UTC 2026
Cache sync 13 at Sat Mar  7 17:29:30 UTC 2026
Cache sync 14 at Sat Mar  7 17:29:30 UTC 2026
Cache sync 15 at Sat Mar  7 17:29:30 UTC 2026
Cache sync 16 at Sat Mar  7 17:29:30 UTC 2026
Cache sync 17 at Sat Mar  7 17:29:30 UTC 2026
Cache sync 18 at Sat Mar  7 17:29:30 UTC 2026
Cache sync 19 at Sat Mar  7 17:29:30 UTC 2026
Cache sync 20 at Sat Mar  7 17:29:30 UTC 2026
Cache sync 21 at Sat Mar  7 17:29:30 UTC 2026
Cache sync 22 at Sat Mar  7 17:29:30 UTC 2026
Cache sync 23 at Sat Mar  7 17:29:30 UTC 2026
Cache sync 24 at Sat Mar  7 17:29:30 UTC 2026
Cache sync 25 at Sat Mar  7 17:29:30 UTC 2026
Cache sync 26 at Sat Mar  7 17:29:30 UTC 2026
Cache sync 27 at Sat Mar  7 17:29:30 UTC 2026
Cache sync 28 at Sat Mar  7 17:29:30 UTC 2026
Cache sync 29 at Sat Mar  7 17:29:30 UTC 2026
Cache sync 30 at Sat Mar  7 17:29:30 UTC 2026
Cache sync 31 at Sat Mar  7 17:29:30 UTC 2026
Cache sync 32 at Sat Mar  7 17:29:30 UTC 2026
Cache sync 33 at Sat Mar  7 17:29:30 UTC 2026
Cache sync 34 at Sat Mar  7 17:29:30 UTC 2026
Cache sync 35 at Sat Mar  7 17:29:30 UTC 2026
Cache sync 36 at Sat Mar  7 17:29:30 UTC 2026
Cache sync 37 at Sat Mar  7 17:29:30 UTC 2026
Cache sync 38 at Sat Mar  7 17:29:30 UTC 2026
Cache sync 39 at Sat Mar  7 17:29:30 UTC 2026
Cache sync 40 at Sat Mar  7 17:29:30 UTC 2026
Cache sync 41 at Sat Mar  7 17:29:30 UTC 2026
Cache sync 42 at Sat Mar  7 17:29:30 UTC 2026
Cache sync 43 at Sat Mar  7 17:29:30 UTC 2026
Cache sync 44 at Sat Mar  7 17:29:30 UTC 2026
Cache sync 45 at Sat Mar  7 17:29:30 UTC 2026
Cache sync 46 at Sat Mar  7 17:29:30 UTC 2026
Cache sync 47 at Sat Mar  7 17:29:30 UTC 2026
Cache sync 48 at Sat Mar  7 17:29:30 UTC 2026
Cache sync 49 at Sat Mar  7 17:29:30 UTC 2026
Cache sync 50 at Sat Mar  7 17:29:30 UTC 2026
Cache sync 51 at Sat Mar  7 17:29:30 UTC 2026
Cache sync 52 at Sat Mar  7 17:29:30 UTC 2026
Cache sync 1 at Mon Mar  9 17:52:57 UTC 2026
Cache sync 2 at Mon Mar  9 17:52:57 UTC 2026
Cache sync 3 at Mon Mar  9 17:52:57 UTC 2026
Cache sync 4 at Mon Mar  9 17:52:57 UTC 2026
Cache sync 5 at Mon Mar  9 17:52:57 UTC 2026
Cache sync 6 at Mon Mar  9 17:52:57 UTC 2026
Cache sync 7 at Mon Mar  9 17:52:57 UTC 2026
Cache sync 8 at Mon Mar  9 17:52:57 UTC 2026
Cache sync 9 at Mon Mar  9 17:52:57 UTC 2026
Cache sync 10 at Mon Mar  9 17:52:57 UTC 2026
Cache sync 11 at Mon Mar  9 17:52:57 UTC 2026
Cache sync 12 at Mon Mar  9 17:52:57 UTC 2026
Cache sync 13 at Mon Mar  9 17:52:57 UTC 2026
Cache sync 14 at Mon Mar  9 17:52:57 UTC 2026
Cache sync 15 at Mon Mar  9 17:52:57 UTC 2026
Cache sync 16 at Mon Mar  9 17:52:57 UTC 2026
Cache sync 17 at Mon Mar  9 17:52:57 UTC 2026
Cache sync 18 at Mon Mar  9 17:52:57 UTC 2026
Cache sync 19 at Mon Mar  9 17:52:57 UTC 2026
Cache sync 20 at Mon Mar  9 17:52:57 UTC 2026
Cache sync 21 at Mon Mar  9 17:52:57 UTC 2026
Cache sync 22 at Mon Mar  9 17:52:57 UTC 2026
Cache sync 23 at Mon Mar  9 17:52:57 UTC 2026
Cache sync 24 at Mon Mar  9 17:52:57 UTC 2026
Cache sync 25 at Mon Mar  9 17:52:57 UTC 2026
Cache sync 26 at Mon Mar  9 17:52:57 UTC 2026
Cache sync 27 at Mon Mar  9 17:52:57 UTC 2026
Cache sync 28 at Mon Mar  9 17:52:57 UTC 2026
Cache sync 29 at Mon Mar  9 17:52:57 UTC 2026
Cache sync 30 at Mon Mar  9 17:52:57 UTC 2026
Cache sync 31 at Mon Mar  9 17:52:57 UTC 2026
Cache sync 32 at Mon Mar  9 17:52:57 UTC 2026
Cache sync 33 at Mon Mar  9 17:52:57 UTC 2026
Cache sync 34 at Mon Mar  9 17:52:57 UTC 2026
Cache sync 35 at Mon Mar  9 17:52:57 UTC 2026
Cache sync 36 at Mon Mar  9 17:52:57 UTC 2026
Cache sync 37 at Mon Mar  9 17:52:57 UTC 2026
Cache sync 38 at Mon Mar  9 17:52:57 UTC 2026
Cache sync 39 at Mon Mar  9 17:52:57 UTC 2026
Cache sync 40 at Mon Mar  9 17:52:57 UTC 2026
Cache sync 41 at Mon Mar  9 17:52:57 UTC 2026
Cache sync 42 at Mon Mar  9 17:52:57 UTC 2026
Cache sync 43 at Mon Mar  9 17:52:57 UTC 2026
Cache sync 44 at Mon Mar  9 17:52:57 UTC 2026
Cache sync 45 at Mon Mar  9 17:52:57 UTC 2026
Cache sync 46 at Mon Mar  9 17:52:57 UTC 2026
Cache sync 47 at Mon Mar  9 17:52:57 UTC 2026
Cache sync 48 at Mon Mar  9 17:52:57 UTC 2026
Cache sync 49 at Mon Mar  9 17:52:57 UTC 2026
Cache sync 50 at Mon Mar  9 17:52:57 UTC 2026
Cache sync 51 at Mon Mar  9 17:52:57 UTC 2026
Cache sync 52 at Mon Mar  9 17:52:57 UTC 2026
Cache sync 53 at Mon Mar  9 17:52:57 UTC 2026
Cache sync 54 at Mon Mar  9 17:52:57 UTC 2026
Cache sync 55 at Mon Mar  9 17:52:57 UTC 2026
Cache sync 56 at Mon Mar  9 17:52:57 UTC 2026
Cache sync 57 at Mon Mar  9 17:52:57 UTC 2026
Cache sync 58 at Mon Mar  9 17:52:57 UTC 2026
Cache sync 59 at Mon Mar  9 17:52:57 UTC 2026
Cache sync 60 at Mon Mar  9 17:52:57 UTC 2026
Cache sync 61 at Mon Mar  9 17:52:57 UTC 2026
Cache sync 62 at Mon Mar  9 17:52:57 UTC 2026
Cache sync 63 at Mon Mar  9 17:52:57 UTC 2026
Cache sync 64 at Mon Mar  9 17:52:57 UTC 2026
Cache sync 65 at Mon Mar  9 17:52:57 UTC 2026
Cache sync 66 at Mon Mar  9 17:52:57 UTC 2026
Cache sync 67 at Mon Mar  9 17:52:57 UTC 2026
Cache sync 68 at Mon Mar  9 17:52:57 UTC 2026
Cache sync 69 at Mon Mar  9 17:52:57 UTC 2026
Cache sync 70 at Mon Mar  9 17:52:57 UTC 2026
Cache sync 71 at Mon Mar  9 17:52:57 UTC 2026
Cache sync 72 at Mon Mar  9 17:52:57 UTC 2026
Cache sync 73 at Mon Mar  9 17:52:57 UTC 2026
Cache sync 74 at Mon Mar  9 17:52:57 UTC 2026
Cache sync 75 at Mon Mar  9 17:52:57 UTC 2026
Cache sync 76 at Mon Mar  9 17:52:57 UTC 2026
Cache sync 1 at Wed Mar 11 17:53:16 UTC 2026
Cache sync 2 at Wed Mar 11 17:53:16 UTC 2026
Cache sync 3 at Wed Mar 11 17:53:16 UTC 2026
Cache sync 4 at Wed Mar 11 17:53:16 UTC 2026
Cache sync 5 at Wed Mar 11 17:53:16 UTC 2026
Cache sync 6 at Wed Mar 11 17:53:16 UTC 2026
Cache sync 7 at Wed Mar 11 17:53:16 UTC 2026
Cache sync 8 at Wed Mar 11 17:53:16 UTC 2026
Cache sync 9 at Wed Mar 11 17:53:16 UTC 2026
Cache sync 10 at Wed Mar 11 17:53:16 UTC 2026
Cache sync 11 at Wed Mar 11 17:53:16 UTC 2026
Cache sync 12 at Wed Mar 11 17:53:16 UTC 2026
Cache sync 13 at Wed Mar 11 17:53:16 UTC 2026
Cache sync 14 at Wed Mar 11 17:53:16 UTC 2026
Cache sync 15 at Wed Mar 11 17:53:16 UTC 2026
Cache sync 16 at Wed Mar 11 17:53:16 UTC 2026
Cache sync 17 at Wed Mar 11 17:53:16 UTC 2026
Cache sync 18 at Wed Mar 11 17:53:16 UTC 2026
Cache sync 19 at Wed Mar 11 17:53:16 UTC 2026
Cache sync 20 at Wed Mar 11 17:53:16 UTC 2026
Cache sync 21 at Wed Mar 11 17:53:16 UTC 2026
Cache sync 22 at Wed Mar 11 17:53:16 UTC 2026
Cache sync 23 at Wed Mar 11 17:53:16 UTC 2026
Cache sync 24 at Wed Mar 11 17:53:16 UTC 2026
Cache sync 25 at Wed Mar 11 17:53:16 UTC 2026
Cache sync 26 at Wed Mar 11 17:53:16 UTC 2026
Cache sync 27 at Wed Mar 11 17:53:16 UTC 2026
Cache sync 28 at Wed Mar 11 17:53:16 UTC 2026
Cache sync 29 at Wed Mar 11 17:53:16 UTC 2026
Cache sync 1 at Thu Mar 12 17:54:43 UTC 2026
Cache sync 2 at Thu Mar 12 17:54:43 UTC 2026
Cache sync 3 at Thu Mar 12 17:54:43 UTC 2026
Cache sync 4 at Thu Mar 12 17:54:43 UTC 2026
Cache sync 5 at Thu Mar 12 17:54:43 UTC 2026
Cache sync 6 at Thu Mar 12 17:54:43 UTC 2026
Cache sync 7 at Thu Mar 12 17:54:44 UTC 2026
Cache sync 8 at Thu Mar 12 17:54:44 UTC 2026
Cache sync 9 at Thu Mar 12 17:54:44 UTC 2026
Cache sync 10 at Thu Mar 12 17:54:44 UTC 2026
Cache sync 11 at Thu Mar 12 17:54:44 UTC 2026
Cache sync 12 at Thu Mar 12 17:54:44 UTC 2026
Cache sync 13 at Thu Mar 12 17:54:44 UTC 2026
Cache sync 14 at Thu Mar 12 17:54:44 UTC 2026
Cache sync 15 at Thu Mar 12 17:54:44 UTC 2026
Cache sync 16 at Thu Mar 12 17:54:44 UTC 2026
Cache sync 17 at Thu Mar 12 17:54:44 UTC 2026
Cache sync 18 at Thu Mar 12 17:54:44 UTC 2026
Cache sync 19 at Thu Mar 12 17:54:44 UTC 2026
Cache sync 20 at Thu Mar 12 17:54:44 UTC 2026
Cache sync 21 at Thu Mar 12 17:54:44 UTC 2026
Cache sync 22 at Thu Mar 12 17:54:44 UTC 2026
Cache sync 23 at Thu Mar 12 17:54:44 UTC 2026
Cache sync 24 at Thu Mar 12 17:54:44 UTC 2026
Cache sync 25 at Thu Mar 12 17:54:44 UTC 2026
Cache sync 26 at Thu Mar 12 17:54:44 UTC 2026
Cache sync 27 at Thu Mar 12 17:54:44 UTC 2026
Cache sync 1 at Fri Mar 13 17:42:16 UTC 2026
Cache sync 2 at Fri Mar 13 17:42:16 UTC 2026
Cache sync 3 at Fri Mar 13 17:42:16 UTC 2026
Cache sync 4 at Fri Mar 13 17:42:16 UTC 2026
Cache sync 5 at Fri Mar 13 17:42:16 UTC 2026
Cache sync 6 at Fri Mar 13 17:42:16 UTC 2026
Cache sync 7 at Fri Mar 13 17:42:16 UTC 2026
Cache sync 8 at Fri Mar 13 17:42:16 UTC 2026
Cache sync 9 at Fri Mar 13 17:42:16 UTC 2026
Cache sync 10 at Fri Mar 13 17:42:16 UTC 2026
Cache sync 11 at Fri Mar 13 17:42:16 UTC 2026
Cache sync 12 at Fri Mar 13 17:42:16 UTC 2026
Cache sync 13 at Fri Mar 13 17:42:16 UTC 2026
Cache sync 14 at Fri Mar 13 17:42:16 UTC 2026
Cache sync 15 at Fri Mar 13 17:42:16 UTC 2026
Cache sync 16 at Fri Mar 13 17:42:16 UTC 2026
Cache sync 17 at Fri Mar 13 17:42:16 UTC 2026
Cache sync 18 at Fri Mar 13 17:42:16 UTC 2026
Cache sync 19 at Fri Mar 13 17:42:16 UTC 2026
Cache sync 20 at Fri Mar 13 17:42:16 UTC 2026
Cache sync 21 at Fri Mar 13 17:42:16 UTC 2026
Cache sync 22 at Fri Mar 13 17:42:16 UTC 2026
Cache sync 23 at Fri Mar 13 17:42:16 UTC 2026
Cache sync 24 at Fri Mar 13 17:42:16 UTC 2026
Cache sync 25 at Fri Mar 13 17:42:16 UTC 2026
Cache sync 26 at Fri Mar 13 17:42:16 UTC 2026
Cache sync 27 at Fri Mar 13 17:42:16 UTC 2026
Cache sync 28 at Fri Mar 13 17:42:16 UTC 2026
Cache sync 29 at Fri Mar 13 17:42:16 UTC 2026
Cache sync 30 at Fri Mar 13 17:42:16 UTC 2026
Cache sync 31 at Fri Mar 13 17:42:16 UTC 2026
Cache sync 32 at Fri Mar 13 17:42:16 UTC 2026
Cache sync 33 at Fri Mar 13 17:42:16 UTC 2026
Cache sync 34 at Fri Mar 13 17:42:16 UTC 2026
Cache sync 35 at Fri Mar 13 17:42:16 UTC 2026
Cache sync 36 at Fri Mar 13 17:42:16 UTC 2026
Cache sync 37 at Fri Mar 13 17:42:16 UTC 2026
Cache sync 38 at Fri Mar 13 17:42:16 UTC 2026
Cache sync 39 at Fri Mar 13 17:42:16 UTC 2026
Cache sync 40 at Fri Mar 13 17:42:16 UTC 2026
Cache sync 41 at Fri Mar 13 17:42:16 UTC 2026
Cache sync 42 at Fri Mar 13 17:42:16 UTC 2026
Cache sync 43 at Fri Mar 13 17:42:16 UTC 2026
